# JRE version: OpenJDK Runtime Environment (8.0_202-b03) (build 1.8.0_202-release-1483-b03)
# Java VM: OpenJDK 64-Bit Server VM (25.202-b03 mixed mode windows-amd64 compressed oops)
Heap:
 PSYoungGen      total 136192K, used 48173K [0x00000000e0000000, 0x00000000e9d00000, 0x0000000100000000)
  eden space 116736K, 41% used [0x00000000e0000000,0x00000000e2f0b5a0,0x00000000e7200000)
  from space 19456K, 0% used [0x00000000e8a00000,0x00000000e8a00000,0x00000000e9d00000)
  to   space 22016K, 0% used [0x00000000e7200000,0x00000000e7200000,0x00000000e8780000)
 ParOldGen       total 225280K, used 60699K [0x00000000a0000000, 0x00000000adc00000, 0x00000000e0000000)
  object space 225280K, 26% used [0x00000000a0000000,0x00000000a3b46fc8,0x00000000adc00000)
 Metaspace       used 97835K, capacity 102534K, committed 102732K, reserved 1138688K
  class space    used 12723K, capacity 13611K, committed 13696K, reserved 1048576K
GC Heap History (10 events):
Event: 592.597 GC heap before
{Heap before GC invocations=22 (full 3):
 PSYoungGen      total 142848K, used 140606K [0x00000000e0000000, 0x00000000ea200000, 0x0000000100000000)
  eden space 129024K, 100% used [0x00000000e0000000,0x00000000e7e00000,0x00000000e7e00000)
  from space 13824K, 83% used [0x00000000e9480000,0x00000000e9fcf948,0x00000000ea200000)
  to   space 18432K, 0% used [0x00000000e7e00000,0x00000000e7e00000,0x00000000e9000000)
 ParOldGen       total 142336K, used 46403K [0x00000000a0000000, 0x00000000a8b00000, 0x00000000e0000000)
  object space 142336K, 32% used [0x00000000a0000000,0x00000000a2d50fe8,0x00000000a8b00000)
 Metaspace       used 82233K, capacity 85472K, committed 85592K, reserved 1124352K
  class space    used 10637K, capacity 11330K, committed 11392K, reserved 1048576K
Event: 592.612 GC heap after
Heap after GC invocations=22 (full 3):
 PSYoungGen      total 144384K, used 18418K [0x00000000e0000000, 0x00000000ea600000, 0x0000000100000000)
  eden space 125952K, 0% used [0x00000000e0000000,0x00000000e0000000,0x00000000e7b00000)
  from space 18432K, 99% used [0x00000000e7e00000,0x00000000e8ffca40,0x00000000e9000000)
  to   space 22016K, 0% used [0x00000000e9080000,0x00000000e9080000,0x00000000ea600000)
 ParOldGen       total 142336K, used 48698K [0x00000000a0000000, 0x00000000a8b00000, 0x00000000e0000000)
  object space 142336K, 34% used [0x00000000a0000000,0x00000000a2f8e8c0,0x00000000a8b00000)
 Metaspace       used 82233K, capacity 85472K, committed 85592K, reserved 1124352K
  class space    used 10637K, capacity 11330K, committed 11392K, reserved 1048576K
}
Event: 596.117 GC heap before
{Heap before GC invocations=23 (full 3):
 PSYoungGen      total 144384K, used 144370K [0x00000000e0000000, 0x00000000ea600000, 0x0000000100000000)
  eden space 125952K, 100% used [0x00000000e0000000,0x00000000e7b00000,0x00000000e7b00000)
  from space 18432K, 99% used [0x00000000e7e00000,0x00000000e8ffca40,0x00000000e9000000)
  to   space 22016K, 0% used [0x00000000e9080000,0x00000000e9080000,0x00000000ea600000)
 ParOldGen       total 142336K, used 48698K [0x00000000a0000000, 0x00000000a8b00000, 0x00000000e0000000)
  object space 142336K, 34% used [0x00000000a0000000,0x00000000a2f8e8c0,0x00000000a8b00000)
 Metaspace       used 84077K, capacity 87304K, committed 87640K, reserved 1126400K
  class space    used 10830K, capacity 11538K, committed 11648K, reserved 1048576K
Event: 596.140 GC heap after
Heap after GC invocations=23 (full 3):
 PSYoungGen      total 140800K, used 6109K [0x00000000e0000000, 0x00000000ea200000, 0x0000000100000000)
  eden space 122880K, 0% used [0x00000000e0000000,0x00000000e0000000,0x00000000e7800000)
  from space 17920K, 34% used [0x00000000e9080000,0x00000000e9677658,0x00000000ea200000)
  to   space 21504K, 0% used [0x00000000e7800000,0x00000000e7800000,0x00000000e8d00000)
 ParOldGen       total 142336K, used 66226K [0x00000000a0000000, 0x00000000a8b00000, 0x00000000e0000000)
  object space 142336K, 46% used [0x00000000a0000000,0x00000000a40acad8,0x00000000a8b00000)
 Metaspace       used 84077K, capacity 87304K, committed 87640K, reserved 1126400K
  class space    used 10830K, capacity 11538K, committed 11648K, reserved 1048576K
}
Event: 602.598 GC heap before
{Heap before GC invocations=24 (full 3):
 PSYoungGen      total 140800K, used 128989K [0x00000000e0000000, 0x00000000ea200000, 0x0000000100000000)
  eden space 122880K, 100% used [0x00000000e0000000,0x00000000e7800000,0x00000000e7800000)
  from space 17920K, 34% used [0x00000000e9080000,0x00000000e9677658,0x00000000ea200000)
  to   space 21504K, 0% used [0x00000000e7800000,0x00000000e7800000,0x00000000e8d00000)
 ParOldGen       total 142336K, used 66226K [0x00000000a0000000, 0x00000000a8b00000, 0x00000000e0000000)
  object space 142336K, 46% used [0x00000000a0000000,0x00000000a40acad8,0x00000000a8b00000)
 Metaspace       used 91006K, capacity 94438K, committed 94552K, reserved 1132544K
  class space    used 11641K, capacity 12369K, committed 12416K, reserved 1048576K
Event: 602.618 GC heap after
Heap after GC invocations=24 (full 3):
 PSYoungGen      total 133120K, used 13190K [0x00000000e0000000, 0x00000000e9f00000, 0x0000000100000000)
  eden space 119808K, 0% used [0x00000000e0000000,0x00000000e0000000,0x00000000e7500000)
  from space 13312K, 99% used [0x00000000e7800000,0x00000000e84e1950,0x00000000e8500000)
  to   space 21504K, 0% used [0x00000000e8a00000,0x00000000e8a00000,0x00000000e9f00000)
 ParOldGen       total 142336K, used 66242K [0x00000000a0000000, 0x00000000a8b00000, 0x00000000e0000000)
  object space 142336K, 46% used [0x00000000a0000000,0x00000000a40b0ad8,0x00000000a8b00000)
 Metaspace       used 91006K, capacity 94438K, committed 94552K, reserved 1132544K
  class space    used 11641K, capacity 12369K, committed 12416K, reserved 1048576K
}
Event: 603.773 GC heap before
{Heap before GC invocations=25 (full 3):
 PSYoungGen      total 133120K, used 79562K [0x00000000e0000000, 0x00000000e9f00000, 0x0000000100000000)
  eden space 119808K, 55% used [0x00000000e0000000,0x00000000e40d1188,0x00000000e7500000)
  from space 13312K, 99% used [0x00000000e7800000,0x00000000e84e1950,0x00000000e8500000)
  to   space 21504K, 0% used [0x00000000e8a00000,0x00000000e8a00000,0x00000000e9f00000)
 ParOldGen       total 142336K, used 66242K [0x00000000a0000000, 0x00000000a8b00000, 0x00000000e0000000)
  object space 142336K, 46% used [0x00000000a0000000,0x00000000a40b0ad8,0x00000000a8b00000)
 Metaspace       used 94380K, capacity 98204K, committed 98380K, reserved 1134592K
  class space    used 12155K, capacity 12908K, committed 12928K, reserved 1048576K
Event: 603.786 GC heap after
Heap after GC invocations=25 (full 3):
 PSYoungGen      total 136192K, used 14666K [0x00000000e0000000, 0x00000000e9d00000, 0x0000000100000000)
  eden space 116736K, 0% used [0x00000000e0000000,0x00000000e0000000,0x00000000e7200000)
  from space 19456K, 75% used [0x00000000e8a00000,0x00000000e9852880,0x00000000e9d00000)
  to   space 22016K, 0% used [0x00000000e7200000,0x00000000e7200000,0x00000000e8780000)
 ParOldGen       total 142336K, used 66250K [0x00000000a0000000, 0x00000000a8b00000, 0x00000000e0000000)
  object space 142336K, 46% used [0x00000000a0000000,0x00000000a40b2ad8,0x00000000a8b00000)
 Metaspace       used 94380K, capacity 98204K, committed 98380K, reserved 1134592K
  class space    used 12155K, capacity 12908K, committed 12928K, reserved 1048576K
}
Event: 603.786 GC heap before
{Heap before GC invocations=26 (full 4):
 PSYoungGen      total 136192K, used 14666K [0x00000000e0000000, 0x00000000e9d00000, 0x0000000100000000)
  eden space 116736K, 0% used [0x00000000e0000000,0x00000000e0000000,0x00000000e7200000)
  from space 19456K, 75% used [0x00000000e8a00000,0x00000000e9852880,0x00000000e9d00000)
  to   space 22016K, 0% used [0x00000000e7200000,0x00000000e7200000,0x00000000e8780000)
 ParOldGen       total 142336K, used 66250K [0x00000000a0000000, 0x00000000a8b00000, 0x00000000e0000000)
  object space 142336K, 46% used [0x00000000a0000000,0x00000000a40b2ad8,0x00000000a8b00000)
 Metaspace       used 94380K, capacity 98204K, committed 98380K, reserved 1134592K
  class space    used 12155K, capacity 12908K, committed 12928K, reserved 1048576K
Event: 604.041 GC heap after
Heap after GC invocations=26 (full 4):
 PSYoungGen      total 136192K, used 0K [0x00000000e0000000, 0x00000000e9d00000, 0x0000000100000000)
  eden space 116736K, 0% used [0x00000000e0000000,0x00000000e0000000,0x00000000e7200000)
  from space 19456K, 0% used [0x00000000e8a00000,0x00000000e8a00000,0x00000000e9d00000)
  to   space 22016K, 0% used [0x00000000e7200000,0x00000000e7200000,0x00000000e8780000)
 ParOldGen       total 225280K, used 60699K [0x00000000a0000000, 0x00000000adc00000, 0x00000000e0000000)
  object space 225280K, 26% used [0x00000000a0000000,0x00000000a3b46fc8,0x00000000adc00000)
 Metaspace       used 94067K, capacity 97344K, committed 98380K, reserved 1134592K
  class space    used 12051K, capacity 12726K, committed 12928K, reserved 1048576K
}

